<?xml version="1.0" encoding="UTF-8"?>
<!-- Generated by org.testng.reporters.JUnitReportReporter -->
<testsuite skipped="0" hostname="DESKTOP-7IJ20C2" name="demox.demoxy.C" tests="2" failures="0" timestamp="22 Feb 2018 13:39:52 GMT" time="0.022" errors="0">
  <testcase name="test5" time="0.014" classname="demox.demoxy.C"/>
  <testcase name="test6" time="0.008" classname="demox.demoxy.C"/>
</testsuite> <!-- demox.demoxy.C -->
