<?xml version="1.0" encoding="UTF-8"?>
<!-- Generated by org.testng.reporters.JUnitReportReporter -->
<testsuite skipped="0" hostname="DESKTOP-7IJ20C2" name="demox.demoxy.B" tests="2" failures="0" timestamp="22 Feb 2018 13:39:52 GMT" time="0.003" errors="0">
  <testcase name="test3" time="0.001" classname="demox.demoxy.B"/>
  <testcase name="test2" time="0.002" classname="demox.demoxy.B"/>
</testsuite> <!-- demox.demoxy.B -->
