<?xml version="1.0" encoding="UTF-8"?>
<!-- Generated by org.testng.reporters.JUnitReportReporter -->
<testsuite skipped="0" hostname="DESKTOP-7IJ20C2" name="demox.demoxy.A" tests="2" failures="0" timestamp="22 Feb 2018 13:39:52 GMT" time="0.004" errors="0">
  <testcase name="test1" time="0.002" classname="demox.demoxy.A"/>
  <testcase name="test2" time="0.002" classname="demox.demoxy.A"/>
</testsuite> <!-- demox.demoxy.A -->
